<?xml version="1.0" encoding="UTF-8"?>
<robot generator="Robot 5.0 (Python 3.10.4 on win32)" generated="20220510 12:20:50.121" rpa="false" schemaversion="3">
<suite id="s1" name="Verify Valid Credential Suite" source="C:\Users\MANOJ\OneDrive\Desktop\OrangeHRMAutomation\LoginSuite\verify_valid_credential_suite.robot">
<test id="s1-t1" name="TC1" line="13">
<kw name="Launch Browser" library="CommonFunctionality" type="SETUP">
<kw name="Append To Environment Variable" library="OperatingSystem">
<arg>path</arg>
<arg>${EXECDIR}${/}driver</arg>
<doc>Appends given ``values`` to environment variable ``name``.</doc>
<msg timestamp="20220510 12:20:54.909" level="INFO">Environment variable 'path' set to value 'C:\Program Files\Common Files\Oracle\Java\javapath;C:\WINDOWS\system32;C:\WINDOWS;C:\WINDOWS\System32\Wbem;C:\WINDOWS\System32\WindowsPowerShell\v1.0\;C:\WINDOWS\System32\OpenSSH\;C:\Program Files (x86)\Intel\Intel(R) Management Engine Components\DAL;C:\Program Files\Intel\Intel(R) Management Engine Components\DAL;C:\MinGW\bin;C:\Program Files\Git\cmd;C:\Users\MANOJ\AppData\Local\Programs\Python\Python310\Scripts\;C:\Users\MANOJ\AppData\Local\Programs\Python\Python310\;C:\Users\MANOJ\AppData\Local\Microsoft\WindowsApps;;C:\Users\MANOJ\AppData\Local\Programs\Microsoft VS Code\bin;C:\Users\MANOJ\OneDrive\Desktop\OrangeHRMAutomation\driver'.</msg>
<status status="PASS" starttime="20220510 12:20:54.908" endtime="20220510 12:20:54.910"/>
</kw>
<kw name="Open Browser" library="SeleniumLibrary">
<arg>browser=${BROWSER}</arg>
<doc>Opens a new browser instance to the optional ``url``.</doc>
<msg timestamp="20220510 12:20:54.912" level="INFO">Opening browser 'CHROME' to base url 'None'.</msg>
<status status="PASS" starttime="20220510 12:20:54.910" endtime="20220510 12:21:00.179"/>
</kw>
<kw name="Maximize Browser Window" library="SeleniumLibrary">
<doc>Maximizes current browser window.</doc>
<status status="PASS" starttime="20220510 12:21:00.179" endtime="20220510 12:21:00.352"/>
</kw>
<kw name="Set Selenium Implicit Wait" library="SeleniumLibrary">
<arg>30s</arg>
<doc>Sets the implicit wait value used by Selenium.</doc>
<status status="PASS" starttime="20220510 12:21:00.352" endtime="20220510 12:21:00.356"/>
</kw>
<kw name="Set Screenshot Directory" library="SeleniumLibrary">
<arg>${EXECDIR}${/}screenshot</arg>
<doc>Sets the directory for captured screenshots.</doc>
<status status="PASS" starttime="20220510 12:21:00.356" endtime="20220510 12:21:00.356"/>
</kw>
<kw name="Go To" library="SeleniumLibrary">
<arg>url=${URL}</arg>
<doc>Navigates the current browser window to the provided ``url``.</doc>
<msg timestamp="20220510 12:21:00.356" level="INFO">Opening url 'https://opensource-demo.orangehrmlive.com/'</msg>
<status status="PASS" starttime="20220510 12:21:00.356" endtime="20220510 12:21:05.427"/>
</kw>
<status status="PASS" starttime="20220510 12:20:54.907" endtime="20220510 12:21:05.427"/>
</kw>
<kw name="valid Credential Template">
<arg>Admin</arg>
<arg>admin123</arg>
<arg>My Info</arg>
<kw name="Input Text" library="SeleniumLibrary">
<arg>id=txtUsername</arg>
<arg>${username}</arg>
<doc>Types the given ``text`` into the text field identified by ``locator``.</doc>
<msg timestamp="20220510 12:21:05.430" level="INFO">Typing text 'Admin' into text field 'id=txtUsername'.</msg>
<status status="PASS" starttime="20220510 12:21:05.429" endtime="20220510 12:21:05.893"/>
</kw>
<kw name="Input Password" library="SeleniumLibrary">
<arg>id=txtPassword</arg>
<arg>${password}</arg>
<doc>Types the given password into the text field identified by ``locator``.</doc>
<msg timestamp="20220510 12:21:05.894" level="INFO">Typing password into text field 'id=txtPassword'.</msg>
<msg timestamp="20220510 12:21:05.951" level="INFO">Temporally setting log level to: NONE</msg>
<msg timestamp="20220510 12:21:06.074" level="INFO">Log level changed from NONE to INFO.</msg>
<status status="PASS" starttime="20220510 12:21:05.893" endtime="20220510 12:21:06.074"/>
</kw>
<kw name="Click Element" library="SeleniumLibrary">
<arg>id=btnLogin</arg>
<doc>Click the element identified by ``locator``.</doc>
<msg timestamp="20220510 12:21:06.075" level="INFO">Clicking element 'id=btnLogin'.</msg>
<status status="PASS" starttime="20220510 12:21:06.075" endtime="20220510 12:21:07.979"/>
</kw>
<kw name="Page Should Contain" library="SeleniumLibrary">
<arg>${expected_value}</arg>
<doc>Verifies that current page contains ``text``.</doc>
<msg timestamp="20220510 12:22:08.362" level="INFO" html="true">&lt;/td&gt;&lt;/tr&gt;&lt;tr&gt;&lt;td colspan="3"&gt;&lt;a href="screenshot/selenium-screenshot-13.png"&gt;&lt;img src="screenshot/selenium-screenshot-13.png" width="800px"&gt;&lt;/a&gt;</msg>
<msg timestamp="20220510 12:22:08.362" level="FAIL">Page should have contained text 'My Info' but did not.</msg>
<status status="FAIL" starttime="20220510 12:21:07.979" endtime="20220510 12:22:08.409"/>
</kw>
<status status="FAIL" starttime="20220510 12:21:05.428" endtime="20220510 12:22:08.425"/>
</kw>
<kw name="Close Browser" library="SeleniumLibrary" type="TEARDOWN">
<doc>Closes the current browser.</doc>
<status status="PASS" starttime="20220510 12:22:08.425" endtime="20220510 12:22:10.862"/>
</kw>
<status status="FAIL" starttime="20220510 12:20:54.902" endtime="20220510 12:22:10.862">Page should have contained text 'My Info' but did not.</status>
</test>
<test id="s1-t2" name="TC1" line="13">
<kw name="Launch Browser" library="CommonFunctionality" type="SETUP">
<kw name="Append To Environment Variable" library="OperatingSystem">
<arg>path</arg>
<arg>${EXECDIR}${/}driver</arg>
<doc>Appends given ``values`` to environment variable ``name``.</doc>
<msg timestamp="20220510 12:22:10.925" level="INFO">Environment variable 'path' set to value 'C:\Program Files\Common Files\Oracle\Java\javapath;C:\WINDOWS\system32;C:\WINDOWS;C:\WINDOWS\System32\Wbem;C:\WINDOWS\System32\WindowsPowerShell\v1.0\;C:\WINDOWS\System32\OpenSSH\;C:\Program Files (x86)\Intel\Intel(R) Management Engine Components\DAL;C:\Program Files\Intel\Intel(R) Management Engine Components\DAL;C:\MinGW\bin;C:\Program Files\Git\cmd;C:\Users\MANOJ\AppData\Local\Programs\Python\Python310\Scripts\;C:\Users\MANOJ\AppData\Local\Programs\Python\Python310\;C:\Users\MANOJ\AppData\Local\Microsoft\WindowsApps;;C:\Users\MANOJ\AppData\Local\Programs\Microsoft VS Code\bin;C:\Users\MANOJ\OneDrive\Desktop\OrangeHRMAutomation\driver;C:\Users\MANOJ\OneDrive\Desktop\OrangeHRMAutomation\driver'.</msg>
<status status="PASS" starttime="20220510 12:22:10.909" endtime="20220510 12:22:10.925"/>
</kw>
<kw name="Open Browser" library="SeleniumLibrary">
<arg>browser=${BROWSER}</arg>
<doc>Opens a new browser instance to the optional ``url``.</doc>
<msg timestamp="20220510 12:22:10.940" level="INFO">Opening browser 'CHROME' to base url 'None'.</msg>
<status status="PASS" starttime="20220510 12:22:10.940" endtime="20220510 12:22:13.178"/>
</kw>
<kw name="Maximize Browser Window" library="SeleniumLibrary">
<doc>Maximizes current browser window.</doc>
<status status="PASS" starttime="20220510 12:22:13.178" endtime="20220510 12:22:13.396"/>
</kw>
<kw name="Set Selenium Implicit Wait" library="SeleniumLibrary">
<arg>30s</arg>
<doc>Sets the implicit wait value used by Selenium.</doc>
<status status="PASS" starttime="20220510 12:22:13.396" endtime="20220510 12:22:13.424"/>
</kw>
<kw name="Set Screenshot Directory" library="SeleniumLibrary">
<arg>${EXECDIR}${/}screenshot</arg>
<doc>Sets the directory for captured screenshots.</doc>
<status status="PASS" starttime="20220510 12:22:13.424" endtime="20220510 12:22:13.425"/>
</kw>
<kw name="Go To" library="SeleniumLibrary">
<arg>url=${URL}</arg>
<doc>Navigates the current browser window to the provided ``url``.</doc>
<msg timestamp="20220510 12:22:13.426" level="INFO">Opening url 'https://opensource-demo.orangehrmlive.com/'</msg>
<status status="PASS" starttime="20220510 12:22:13.425" endtime="20220510 12:22:18.353"/>
</kw>
<status status="PASS" starttime="20220510 12:22:10.909" endtime="20220510 12:22:18.353"/>
</kw>
<kw name="valid Credential Template">
<arg>Admin</arg>
<arg>admin123</arg>
<arg>Welcome</arg>
<kw name="Input Text" library="SeleniumLibrary">
<arg>id=txtUsername</arg>
<arg>${username}</arg>
<doc>Types the given ``text`` into the text field identified by ``locator``.</doc>
<msg timestamp="20220510 12:22:18.356" level="INFO">Typing text 'Admin' into text field 'id=txtUsername'.</msg>
<status status="PASS" starttime="20220510 12:22:18.355" endtime="20220510 12:22:18.564"/>
</kw>
<kw name="Input Password" library="SeleniumLibrary">
<arg>id=txtPassword</arg>
<arg>${password}</arg>
<doc>Types the given password into the text field identified by ``locator``.</doc>
<msg timestamp="20220510 12:22:18.565" level="INFO">Typing password into text field 'id=txtPassword'.</msg>
<msg timestamp="20220510 12:22:18.613" level="INFO">Temporally setting log level to: NONE</msg>
<msg timestamp="20220510 12:22:18.906" level="INFO">Log level changed from NONE to INFO.</msg>
<status status="PASS" starttime="20220510 12:22:18.564" endtime="20220510 12:22:18.907"/>
</kw>
<kw name="Click Element" library="SeleniumLibrary">
<arg>id=btnLogin</arg>
<doc>Click the element identified by ``locator``.</doc>
<msg timestamp="20220510 12:22:18.909" level="INFO">Clicking element 'id=btnLogin'.</msg>
<status status="PASS" starttime="20220510 12:22:18.908" endtime="20220510 12:22:21.181"/>
</kw>
<kw name="Page Should Contain" library="SeleniumLibrary">
<arg>${expected_value}</arg>
<doc>Verifies that current page contains ``text``.</doc>
<msg timestamp="20220510 12:22:30.096" level="WARN">Keyword 'Capture Page Screenshot' could not be run on failure: Message: no such window: target window already closed
from unknown error: web view not found
  (Session info: chrome=101.0.4951.54)
</msg>
<msg timestamp="20220510 12:22:30.096" level="FAIL">NoSuchWindowException: Message: no such window: target window already closed
from unknown error: web view not found
  (Session info: chrome=101.0.4951.54)
</msg>
<status status="FAIL" starttime="20220510 12:22:21.181" endtime="20220510 12:22:30.252"/>
</kw>
<status status="FAIL" starttime="20220510 12:22:18.353" endtime="20220510 12:22:30.252"/>
</kw>
<kw name="Close Browser" library="SeleniumLibrary" type="TEARDOWN">
<doc>Closes the current browser.</doc>
<status status="PASS" starttime="20220510 12:22:30.252" endtime="20220510 12:22:32.502"/>
</kw>
<status status="FAIL" starttime="20220510 12:22:10.893" endtime="20220510 12:22:32.502">NoSuchWindowException: Message: no such window: target window already closed
from unknown error: web view not found
  (Session info: chrome=101.0.4951.54)
</status>
</test>
<test id="s1-t3" name="TC1" line="13">
<kw name="Launch Browser" library="CommonFunctionality" type="SETUP">
<kw name="Append To Environment Variable" library="OperatingSystem">
<arg>path</arg>
<arg>${EXECDIR}${/}driver</arg>
<doc>Appends given ``values`` to environment variable ``name``.</doc>
<msg timestamp="20220510 12:22:32.502" level="INFO">Environment variable 'path' set to value 'C:\Program Files\Common Files\Oracle\Java\javapath;C:\WINDOWS\system32;C:\WINDOWS;C:\WINDOWS\System32\Wbem;C:\WINDOWS\System32\WindowsPowerShell\v1.0\;C:\WINDOWS\System32\OpenSSH\;C:\Program Files (x86)\Intel\Intel(R) Management Engine Components\DAL;C:\Program Files\Intel\Intel(R) Management Engine Components\DAL;C:\MinGW\bin;C:\Program Files\Git\cmd;C:\Users\MANOJ\AppData\Local\Programs\Python\Python310\Scripts\;C:\Users\MANOJ\AppData\Local\Programs\Python\Python310\;C:\Users\MANOJ\AppData\Local\Microsoft\WindowsApps;;C:\Users\MANOJ\AppData\Local\Programs\Microsoft VS Code\bin;C:\Users\MANOJ\OneDrive\Desktop\OrangeHRMAutomation\driver;C:\Users\MANOJ\OneDrive\Desktop\OrangeHRMAutomation\driver;C:\Users\MANOJ\OneDrive\Desktop\OrangeHRMAutomation\driver'.</msg>
<status status="PASS" starttime="20220510 12:22:32.502" endtime="20220510 12:22:32.502"/>
</kw>
<kw name="Open Browser" library="SeleniumLibrary">
<arg>browser=${BROWSER}</arg>
<doc>Opens a new browser instance to the optional ``url``.</doc>
<msg timestamp="20220510 12:22:32.502" level="INFO">Opening browser 'CHROME' to base url 'None'.</msg>
<status status="PASS" starttime="20220510 12:22:32.502" endtime="20220510 12:22:34.271"/>
</kw>
<kw name="Maximize Browser Window" library="SeleniumLibrary">
<doc>Maximizes current browser window.</doc>
<status status="PASS" starttime="20220510 12:22:34.272" endtime="20220510 12:22:34.553"/>
</kw>
<kw name="Set Selenium Implicit Wait" library="SeleniumLibrary">
<arg>30s</arg>
<doc>Sets the implicit wait value used by Selenium.</doc>
<status status="PASS" starttime="20220510 12:22:34.553" endtime="20220510 12:22:34.555"/>
</kw>
<kw name="Set Screenshot Directory" library="SeleniumLibrary">
<arg>${EXECDIR}${/}screenshot</arg>
<doc>Sets the directory for captured screenshots.</doc>
<status status="PASS" starttime="20220510 12:22:34.556" endtime="20220510 12:22:34.558"/>
</kw>
<kw name="Go To" library="SeleniumLibrary">
<arg>url=${URL}</arg>
<doc>Navigates the current browser window to the provided ``url``.</doc>
<msg timestamp="20220510 12:22:34.560" level="INFO">Opening url 'https://opensource-demo.orangehrmlive.com/'</msg>
<status status="PASS" starttime="20220510 12:22:34.559" endtime="20220510 12:22:39.204"/>
</kw>
<status status="PASS" starttime="20220510 12:22:32.502" endtime="20220510 12:22:39.204"/>
</kw>
<kw name="valid Credential Template">
<arg>Admin</arg>
<arg>admin123</arg>
<arg>Admin</arg>
<kw name="Input Text" library="SeleniumLibrary">
<arg>id=txtUsername</arg>
<arg>${username}</arg>
<doc>Types the given ``text`` into the text field identified by ``locator``.</doc>
<msg timestamp="20220510 12:22:39.204" level="INFO">Typing text 'Admin' into text field 'id=txtUsername'.</msg>
<status status="PASS" starttime="20220510 12:22:39.204" endtime="20220510 12:22:39.399"/>
</kw>
<kw name="Input Password" library="SeleniumLibrary">
<arg>id=txtPassword</arg>
<arg>${password}</arg>
<doc>Types the given password into the text field identified by ``locator``.</doc>
<msg timestamp="20220510 12:22:39.401" level="INFO">Typing password into text field 'id=txtPassword'.</msg>
<msg timestamp="20220510 12:22:39.455" level="INFO">Temporally setting log level to: NONE</msg>
<msg timestamp="20220510 12:22:39.523" level="INFO">Log level changed from NONE to INFO.</msg>
<status status="PASS" starttime="20220510 12:22:39.400" endtime="20220510 12:22:39.523"/>
</kw>
<kw name="Click Element" library="SeleniumLibrary">
<arg>id=btnLogin</arg>
<doc>Click the element identified by ``locator``.</doc>
<msg timestamp="20220510 12:22:39.524" level="INFO">Clicking element 'id=btnLogin'.</msg>
<status status="PASS" starttime="20220510 12:22:39.524" endtime="20220510 12:22:40.901"/>
</kw>
<kw name="Page Should Contain" library="SeleniumLibrary">
<arg>${expected_value}</arg>
<doc>Verifies that current page contains ``text``.</doc>
<msg timestamp="20220510 12:22:40.923" level="INFO">Current page contains text 'Admin'.</msg>
<status status="PASS" starttime="20220510 12:22:40.901" endtime="20220510 12:22:40.923"/>
</kw>
<status status="PASS" starttime="20220510 12:22:39.204" endtime="20220510 12:22:40.923"/>
</kw>
<kw name="Close Browser" library="SeleniumLibrary" type="TEARDOWN">
<doc>Closes the current browser.</doc>
<status status="PASS" starttime="20220510 12:22:40.924" endtime="20220510 12:22:43.205"/>
</kw>
<status status="PASS" starttime="20220510 12:22:32.502" endtime="20220510 12:22:43.205"/>
</test>
<doc>this suite will handle valid credential
test - tittle</doc>
<status status="FAIL" starttime="20220510 12:20:50.121" endtime="20220510 12:22:43.205"/>
</suite>
<statistics>
<total>
<stat pass="1" fail="2" skip="0">All Tests</stat>
</total>
<tag>
</tag>
<suite>
<stat pass="1" fail="2" skip="0" id="s1" name="Verify Valid Credential Suite">Verify Valid Credential Suite</stat>
</suite>
</statistics>
<errors>
<msg timestamp="20220510 12:22:10.893" level="WARN">Multiple tests with name 'TC1' executed in suite 'Verify Valid Credential Suite'.</msg>
<msg timestamp="20220510 12:22:30.096" level="WARN">Keyword 'Capture Page Screenshot' could not be run on failure: Message: no such window: target window already closed
from unknown error: web view not found
  (Session info: chrome=101.0.4951.54)
</msg>
<msg timestamp="20220510 12:22:32.502" level="WARN">Multiple tests with name 'TC1' executed in suite 'Verify Valid Credential Suite'.</msg>
</errors>
</robot>
